[
  {
    "timestamp": "2016-03-11 05:14:05.498639", 
    "testcases": [
      {
        "description": "Test that crypt was not used", 
        "ptsEarned": 1.0, 
        "log": "Trying to compile your code...\nSuccessfully compiled your code..\nSuccess :)", 
        "name": "test_no_crypt", 
        "ptsPossible": 1.0
      }, 
      {
        "description": "Test a single valid password", 
        "ptsEarned": 0.0, 
        "log": "Trying to compile your code...\nSuccessfully compiled your code..\nFailed to find correct password in stdout", 
        "name": "test_one_valid_password", 
        "ptsPossible": 1.0
      }, 
      {
        "description": "Test a single invalid password", 
        "ptsEarned": 0.0, 
        "log": "Trying to compile your code...\nSuccessfully compiled your code..\nFailed to find output for not found password", 
        "name": "test_one_invalid_password", 
        "ptsPossible": 1.0
      }, 
      {
        "description": "Test that two threads run at same time", 
        "ptsEarned": 0.0, 
        "log": "Trying to compile your code...\nSuccessfully compiled your code..\nTook to long to execute, are you threading?", 
        "name": "test_two_threads", 
        "ptsPossible": 1.0
      }, 
      {
        "description": "Test that four threads run at same time, cracking 4 passwords", 
        "ptsEarned": 0.0, 
        "log": "Trying to compile your code...\nSuccessfully compiled your code..\nTook to long to execute, are you threading?", 
        "name": "test_four_threads", 
        "ptsPossible": 1.0
      }, 
      {
        "description": "Test that 4 threads run at same time cracking 12 passwords", 
        "ptsEarned": 0.0, 
        "log": "Trying to compile your code...\nSuccessfully compiled your code..\nTook to long to execute, are you threading?", 
        "name": "test_12_threads", 
        "ptsPossible": 1.0
      }, 
      {
        "description": "Test that the program doesn't busy wait", 
        "ptsEarned": 0.0, 
        "log": "Trying to compile your code...\nSuccessfully compiled your code..\nDid not find correct outputs", 
        "name": "test_no_busy_wait_threads", 
        "ptsPossible": 1.0
      }, 
      {
        "description": "Test that the program doesn't exit until EOF is found", 
        "ptsEarned": 0.0, 
        "log": "Trying to compile your code...\nSuccessfully compiled your code..\nFailed to find total_time output", 
        "name": "test_eof_end", 
        "ptsPossible": 1.0
      }, 
      {
        "description": "Test that your queue works properly by checking order of outputs", 
        "ptsEarned": 0.0, 
        "log": "Trying to compile your code...\nSuccessfully compiled your code..\nDid not find correct outputs", 
        "name": "test_queue_by_output", 
        "ptsPossible": 1.0
      }, 
      {
        "description": "Test the order of output of imbalanced loads", 
        "ptsEarned": 0.0, 
        "log": "Trying to compile your code...\nSuccessfully compiled your code..\nFailed the test", 
        "name": "test_imbalanced_load", 
        "ptsPossible": 1.0
      }, 
      {
        "description": "Test a single password", 
        "ptsEarned": 1.0, 
        "log": "Trying to compile your code...\nSuccessfully compiled your code..\nSuccess :)", 
        "name": "test_memory_easy", 
        "ptsPossible": 1.0
      }, 
      {
        "description": "Test a couple of passwords", 
        "ptsEarned": 1.0, 
        "log": "Trying to compile your code...\nSuccessfully compiled your code..\nSuccess :)", 
        "name": "test_memory_medium", 
        "ptsPossible": 1.0
      }, 
      {
        "description": "Test a lot of password", 
        "ptsEarned": 1.0, 
        "log": "Trying to compile your code...\nSuccessfully compiled your code..\nSuccess :)", 
        "name": "test_memory_hard", 
        "ptsPossible": 1.0
      }, 
      {
        "description": "Test correct password and crypt_r() count", 
        "ptsEarned": 0.0, 
        "log": "Trying to compile your code...\nSuccessfully compiled your code..\nFound correct output, wrong hash count", 
        "name": "test_crypt_r_count", 
        "ptsPossible": 1.0
      }
    ], 
    "checksum": "77fdc5590606e8e407e770b22a0040ee81862529  cracker1.c", 
    "revision": "(Pull Time: 2016-03-14 | Revision # 46212)"
  }, 
  {
    "timestamp": "2016-03-11 11:54:29.779921", 
    "testcases": [
      {
        "log": "Trying to compile your code...\nSuccessfully compiled your code..\nSuccess :)", 
        "ptsEarned": 1.0, 
        "ptsPossible": 1.0, 
        "name": "test_no_crypt", 
        "description": "Test that crypt was not used"
      }, 
      {
        "log": "Trying to compile your code...\nSuccessfully compiled your code..\nFailed to find correct password in stdout", 
        "ptsEarned": 0.0, 
        "ptsPossible": 1.0, 
        "name": "test_one_valid_password", 
        "description": "Test a single valid password"
      }, 
      {
        "log": "Trying to compile your code...\nSuccessfully compiled your code..\nFailed to find output for not found password", 
        "ptsEarned": 0.0, 
        "ptsPossible": 1.0, 
        "name": "test_one_invalid_password", 
        "description": "Test a single invalid password"
      }, 
      {
        "log": "Trying to compile your code...\nSuccessfully compiled your code..\nFailed to find cpu usage output", 
        "ptsEarned": 0.0, 
        "ptsPossible": 1.0, 
        "name": "test_two_threads", 
        "description": "Test that two threads run at same time"
      }, 
      {
        "log": "Trying to compile your code...\nSuccessfully compiled your code..\nFailed to find cpu usage output", 
        "ptsEarned": 0.0, 
        "ptsPossible": 1.0, 
        "name": "test_four_threads", 
        "description": "Test that four threads run at same time, cracking 4 passwords"
      }, 
      {
        "log": "Trying to compile your code...\nSuccessfully compiled your code..\nCould not find cpu usage\nTook to long to execute, are you threading?", 
        "ptsEarned": 0.0, 
        "ptsPossible": 1.0, 
        "name": "test_12_threads", 
        "description": "Test that 4 threads run at same time cracking 12 passwords"
      }, 
      {
        "log": "Trying to compile your code...\nSuccessfully compiled your code..\nFailed to find cpu usage output", 
        "ptsEarned": 0.0, 
        "ptsPossible": 1.0, 
        "name": "test_no_busy_wait_threads", 
        "description": "Test that the program doesn't busy wait"
      }, 
      {
        "log": "Trying to compile your code...\nSuccessfully compiled your code..\nFailed to find total_time output", 
        "ptsEarned": 0.0, 
        "ptsPossible": 1.0, 
        "name": "test_eof_end", 
        "description": "Test that the program doesn't exit until EOF is found"
      }, 
      {
        "log": "Trying to compile your code...\nSuccessfully compiled your code..\nDid not find correct outputs", 
        "ptsEarned": 0.0, 
        "ptsPossible": 1.0, 
        "name": "test_queue_by_output", 
        "description": "Test that your queue works properly by checking order of outputs"
      }, 
      {
        "log": "Unknown autograder error when running test, please report to staff", 
        "ptsEarned": 0.0, 
        "ptsPossible": 1.0, 
        "name": "test_imbalanced_load", 
        "description": "Test the order of output of imbalanced loads"
      }, 
      {
        "log": "Trying to compile your code...\nSuccessfully compiled your code..\nSuccess :)", 
        "ptsEarned": 1.0, 
        "ptsPossible": 1.0, 
        "name": "test_memory_easy", 
        "description": "Test a single password"
      }, 
      {
        "log": "Trying to compile your code...\nSuccessfully compiled your code..\nSuccess :)", 
        "ptsEarned": 1.0, 
        "ptsPossible": 1.0, 
        "name": "test_memory_medium", 
        "description": "Test a couple of passwords"
      }, 
      {
        "log": "Trying to compile your code...\nSuccessfully compiled your code..\nSuccess :)", 
        "ptsEarned": 1.0, 
        "ptsPossible": 1.0, 
        "name": "test_memory_hard", 
        "description": "Test a lot of password"
      }, 
      {
        "log": "Trying to compile your code...\nSuccessfully compiled your code..\nFound correct output, wrong hash count", 
        "ptsEarned": 0.0, 
        "ptsPossible": 1.0, 
        "name": "test_crypt_r_count", 
        "description": "Test correct password and crypt_r() count"
      }
    ], 
    "revision": "(Pull Time: 2016-03-14 | Revision # 46270)", 
    "checksum": "77fdc5590606e8e407e770b22a0040ee81862529  cracker1.c"
  }, 
  {
    "timestamp": "2016-03-12 15:58:29.515477", 
    "testcases": [
      {
        "ptsPossible": 1.0, 
        "ptsEarned": 1.0, 
        "description": "Test that crypt was not used", 
        "name": "test_no_crypt", 
        "log": "Trying to compile your code...\nSuccessfully compiled your code..\nSuccess :)"
      }, 
      {
        "ptsPossible": 1.0, 
        "ptsEarned": 0.0, 
        "description": "Test a single valid password", 
        "name": "test_one_valid_password", 
        "log": "Trying to compile your code...\nSuccessfully compiled your code..\nFailed to find correct password in stdout"
      }, 
      {
        "ptsPossible": 1.0, 
        "ptsEarned": 0.0, 
        "description": "Test a single invalid password", 
        "name": "test_one_invalid_password", 
        "log": "Trying to compile your code...\nSuccessfully compiled your code..\nFailed to find output for not found password"
      }, 
      {
        "ptsPossible": 1.0, 
        "ptsEarned": 0.0, 
        "description": "Test that two threads run at same time", 
        "name": "test_two_threads", 
        "log": "Trying to compile your code...\nSuccessfully compiled your code..\nFailed to find cpu usage output"
      }, 
      {
        "ptsPossible": 1.0, 
        "ptsEarned": 0.0, 
        "description": "Test that four threads run at same time, cracking 4 passwords", 
        "name": "test_four_threads", 
        "log": "Trying to compile your code...\nSuccessfully compiled your code..\nFailed to find cpu usage output"
      }, 
      {
        "ptsPossible": 1.0, 
        "ptsEarned": 0.0, 
        "description": "Test that 4 threads run at same time cracking 12 passwords", 
        "name": "test_12_threads", 
        "log": "Trying to compile your code...\nSuccessfully compiled your code..\nCould not find cpu usage\nTook to long to execute, are you threading?"
      }, 
      {
        "ptsPossible": 1.0, 
        "ptsEarned": 0.0, 
        "description": "Test that the program doesn't busy wait", 
        "name": "test_no_busy_wait_threads", 
        "log": "Trying to compile your code...\nSuccessfully compiled your code..\nFailed to find cpu usage output"
      }, 
      {
        "ptsPossible": 1.0, 
        "ptsEarned": 0.0, 
        "description": "Test that the program doesn't exit until EOF is found", 
        "name": "test_eof_end", 
        "log": "Trying to compile your code...\nSuccessfully compiled your code..\nFailed to find total_time output"
      }, 
      {
        "ptsPossible": 1.0, 
        "ptsEarned": 0.0, 
        "description": "Test that your queue works properly by checking order of outputs", 
        "name": "test_queue_by_output", 
        "log": "Trying to compile your code...\nSuccessfully compiled your code..\nDid not find correct outputs"
      }, 
      {
        "ptsPossible": 1.0, 
        "ptsEarned": 0.0, 
        "description": "Test the order of output of imbalanced loads", 
        "name": "test_imbalanced_load", 
        "log": "Unknown autograder error when running test, please report to staff"
      }, 
      {
        "ptsPossible": 1.0, 
        "ptsEarned": 1.0, 
        "description": "Test a single password", 
        "name": "test_memory_easy", 
        "log": "Trying to compile your code...\nSuccessfully compiled your code..\nSuccess :)"
      }, 
      {
        "ptsPossible": 1.0, 
        "ptsEarned": 1.0, 
        "description": "Test a couple of passwords", 
        "name": "test_memory_medium", 
        "log": "Trying to compile your code...\nSuccessfully compiled your code..\nSuccess :)"
      }, 
      {
        "ptsPossible": 1.0, 
        "ptsEarned": 1.0, 
        "description": "Test a lot of password", 
        "name": "test_memory_hard", 
        "log": "Trying to compile your code...\nSuccessfully compiled your code..\nSuccess :)"
      }, 
      {
        "ptsPossible": 1.0, 
        "ptsEarned": 0.0, 
        "description": "Test correct password and crypt_r() count", 
        "name": "test_crypt_r_count", 
        "log": "Trying to compile your code...\nSuccessfully compiled your code..\nFound correct output, wrong hash count"
      }
    ], 
    "checksum": "77fdc5590606e8e407e770b22a0040ee81862529  cracker1.c", 
    "revision": "(Pull Time: 2016-03-14 | Revision # 47046)"
  }, 
  {
    "timestamp": "2016-03-13 07:05:02.649595", 
    "testcases": [
      {
        "description": "Test that crypt was not used", 
        "ptsEarned": 1.0, 
        "log": "Trying to compile your code...\nSuccessfully compiled your code..\nSuccess :)", 
        "name": "test_no_crypt", 
        "ptsPossible": 1.0
      }, 
      {
        "description": "Test a single valid password", 
        "ptsEarned": 0.0, 
        "log": "Trying to compile your code...\nSuccessfully compiled your code..\nFailed to find correct password in stdout", 
        "name": "test_one_valid_password", 
        "ptsPossible": 1.0
      }, 
      {
        "description": "Test a single invalid password", 
        "ptsEarned": 0.0, 
        "log": "Trying to compile your code...\nSuccessfully compiled your code..\nFailed to find output for not found password", 
        "name": "test_one_invalid_password", 
        "ptsPossible": 1.0
      }, 
      {
        "description": "Test that two threads run at same time", 
        "ptsEarned": 0.0, 
        "log": "Trying to compile your code...\nSuccessfully compiled your code..\nFailed to find cpu usage output", 
        "name": "test_two_threads", 
        "ptsPossible": 1.0
      }, 
      {
        "description": "Test that four threads run at same time, cracking 4 passwords", 
        "ptsEarned": 0.0, 
        "log": "Trying to compile your code...\nSuccessfully compiled your code..\nFailed to find cpu usage output", 
        "name": "test_four_threads", 
        "ptsPossible": 1.0
      }, 
      {
        "description": "Test that 4 threads run at same time cracking 12 passwords", 
        "ptsEarned": 0.0, 
        "log": "Trying to compile your code...\nSuccessfully compiled your code..\nCould not find cpu usage\nTook to long to execute, are you threading?", 
        "name": "test_12_threads", 
        "ptsPossible": 1.0
      }, 
      {
        "description": "Test that the program doesn't busy wait", 
        "ptsEarned": 0.0, 
        "log": "Trying to compile your code...\nSuccessfully compiled your code..\nFailed to find cpu usage output", 
        "name": "test_no_busy_wait_threads", 
        "ptsPossible": 1.0
      }, 
      {
        "description": "Test that the program doesn't exit until EOF is found", 
        "ptsEarned": 0.0, 
        "log": "Trying to compile your code...\nSuccessfully compiled your code..\nFailed to find total_time output", 
        "name": "test_eof_end", 
        "ptsPossible": 1.0
      }, 
      {
        "description": "Test that your queue works properly by checking order of outputs", 
        "ptsEarned": 0.0, 
        "log": "Trying to compile your code...\nSuccessfully compiled your code..\nDid not find correct outputs", 
        "name": "test_queue_by_output", 
        "ptsPossible": 1.0
      }, 
      {
        "description": "Test the order of output of imbalanced loads", 
        "ptsEarned": 0.0, 
        "log": "Unknown autograder error when running test, please report to staff", 
        "name": "test_imbalanced_load", 
        "ptsPossible": 1.0
      }, 
      {
        "description": "Test a single password", 
        "ptsEarned": 1.0, 
        "log": "Trying to compile your code...\nSuccessfully compiled your code..\nSuccess :)", 
        "name": "test_memory_easy", 
        "ptsPossible": 1.0
      }, 
      {
        "description": "Test a couple of passwords", 
        "ptsEarned": 1.0, 
        "log": "Trying to compile your code...\nSuccessfully compiled your code..\nSuccess :)", 
        "name": "test_memory_medium", 
        "ptsPossible": 1.0
      }, 
      {
        "description": "Test a lot of password", 
        "ptsEarned": 1.0, 
        "log": "Trying to compile your code...\nSuccessfully compiled your code..\nSuccess :)", 
        "name": "test_memory_hard", 
        "ptsPossible": 1.0
      }, 
      {
        "description": "Test correct password and crypt_r() count", 
        "ptsEarned": 0.0, 
        "log": "Trying to compile your code...\nSuccessfully compiled your code..\nFound correct output, wrong hash count", 
        "name": "test_crypt_r_count", 
        "ptsPossible": 1.0
      }
    ], 
    "revision": "(Pull Time: 2016-03-14 | Revision # 47957)", 
    "checksum": "77fdc5590606e8e407e770b22a0040ee81862529  cracker1.c"
  }, 
  {
    "timestamp": "2016-03-14 16:05:23.136298", 
    "testcases": [
      {
        "log": "Trying to compile your code...\nSuccessfully compiled your code..\nSuccess :)", 
        "ptsEarned": 1.0, 
        "ptsPossible": 1.0, 
        "name": "test_no_crypt", 
        "description": "Test that crypt was not used"
      }, 
      {
        "log": "Trying to compile your code...\nSuccessfully compiled your code..\nFailed to find correct password in stdout", 
        "ptsEarned": 0.0, 
        "ptsPossible": 1.0, 
        "name": "test_one_valid_password", 
        "description": "Test a single valid password"
      }, 
      {
        "log": "Trying to compile your code...\nSuccessfully compiled your code..\nFailed to find output for not found password", 
        "ptsEarned": 0.0, 
        "ptsPossible": 1.0, 
        "name": "test_one_invalid_password", 
        "description": "Test a single invalid password"
      }, 
      {
        "log": "Trying to compile your code...\nSuccessfully compiled your code..\nFailed to find cpu usage output", 
        "ptsEarned": 0.0, 
        "ptsPossible": 1.0, 
        "name": "test_two_threads", 
        "description": "Test that two threads run at same time"
      }, 
      {
        "log": "Trying to compile your code...\nSuccessfully compiled your code..\nFailed to find cpu usage output", 
        "ptsEarned": 0.0, 
        "ptsPossible": 1.0, 
        "name": "test_four_threads", 
        "description": "Test that four threads run at same time, cracking 4 passwords"
      }, 
      {
        "log": "Trying to compile your code...\nSuccessfully compiled your code..\nCould not find cpu usage\nTook to long to execute, are you threading?", 
        "ptsEarned": 0.0, 
        "ptsPossible": 1.0, 
        "name": "test_12_threads", 
        "description": "Test that 4 threads run at same time cracking 12 passwords"
      }, 
      {
        "log": "Trying to compile your code...\nSuccessfully compiled your code..\nFailed to find cpu usage output", 
        "ptsEarned": 0.0, 
        "ptsPossible": 1.0, 
        "name": "test_no_busy_wait_threads", 
        "description": "Test that the program doesn't busy wait"
      }, 
      {
        "log": "Trying to compile your code...\nSuccessfully compiled your code..\nFailed to find total_time output", 
        "ptsEarned": 0.0, 
        "ptsPossible": 1.0, 
        "name": "test_eof_end", 
        "description": "Test that the program doesn't exit until EOF is found"
      }, 
      {
        "log": "Trying to compile your code...\nSuccessfully compiled your code..\nDid not find correct outputs", 
        "ptsEarned": 0.0, 
        "ptsPossible": 1.0, 
        "name": "test_queue_by_output", 
        "description": "Test that your queue works properly by checking order of outputs"
      }, 
      {
        "log": "Unknown autograder error when running test, please report to staff", 
        "ptsEarned": 0.0, 
        "ptsPossible": 1.0, 
        "name": "test_imbalanced_load", 
        "description": "Test the order of output of imbalanced loads"
      }, 
      {
        "log": "Trying to compile your code...\nSuccessfully compiled your code..\nSuccess :)", 
        "ptsEarned": 1.0, 
        "ptsPossible": 1.0, 
        "name": "test_memory_easy", 
        "description": "Test a single password"
      }, 
      {
        "log": "Trying to compile your code...\nSuccessfully compiled your code..\nSuccess :)", 
        "ptsEarned": 1.0, 
        "ptsPossible": 1.0, 
        "name": "test_memory_medium", 
        "description": "Test a couple of passwords"
      }, 
      {
        "log": "Trying to compile your code...\nSuccessfully compiled your code..\nSuccess :)", 
        "ptsEarned": 1.0, 
        "ptsPossible": 1.0, 
        "name": "test_memory_hard", 
        "description": "Test a lot of password"
      }, 
      {
        "log": "Trying to compile your code...\nSuccessfully compiled your code..\nFound correct output, wrong hash count", 
        "ptsEarned": 0.0, 
        "ptsPossible": 1.0, 
        "name": "test_crypt_r_count", 
        "description": "Test correct password and crypt_r() count"
      }
    ], 
    "checksum": "77fdc5590606e8e407e770b22a0040ee81862529  cracker1.c", 
    "revision": "(Pull Time: 2016-03-14 | Revision # 49226)"
  }, 
  {
    "timestamp": "2016-03-14 18:46:01.165908", 
    "testcases": [
      {
        "ptsPossible": 1.0, 
        "ptsEarned": 1.0, 
        "description": "Test that crypt was not used", 
        "name": "test_no_crypt", 
        "log": "Trying to compile your code...\nSuccessfully compiled your code..\nSuccess :)"
      }, 
      {
        "ptsPossible": 1.0, 
        "ptsEarned": 1.0, 
        "description": "Test a single valid password", 
        "name": "test_one_valid_password", 
        "log": "Trying to compile your code...\nSuccessfully compiled your code..\nSuccess :)"
      }, 
      {
        "ptsPossible": 1.0, 
        "ptsEarned": 1.0, 
        "description": "Test a single invalid password", 
        "name": "test_one_invalid_password", 
        "log": "Trying to compile your code...\nSuccessfully compiled your code..\nSuccess :)"
      }, 
      {
        "ptsPossible": 1.0, 
        "ptsEarned": 1.0, 
        "description": "Test that two threads run at same time", 
        "name": "test_two_threads", 
        "log": "Trying to compile your code...\nSuccessfully compiled your code..\nSuccess :)"
      }, 
      {
        "ptsPossible": 1.0, 
        "ptsEarned": 1.0, 
        "description": "Test that four threads run at same time, cracking 4 passwords", 
        "name": "test_four_threads", 
        "log": "Trying to compile your code...\nSuccessfully compiled your code..\nSuccess :)"
      }, 
      {
        "ptsPossible": 1.0, 
        "ptsEarned": 1.0, 
        "description": "Test that 4 threads run at same time cracking 12 passwords", 
        "name": "test_12_threads", 
        "log": "Trying to compile your code...\nSuccessfully compiled your code..\nSuccess :)"
      }, 
      {
        "ptsPossible": 1.0, 
        "ptsEarned": 1.0, 
        "description": "Test that the program doesn't busy wait", 
        "name": "test_no_busy_wait_threads", 
        "log": "Trying to compile your code...\nSuccessfully compiled your code..\nSuccess :)"
      }, 
      {
        "ptsPossible": 1.0, 
        "ptsEarned": 1.0, 
        "description": "Test that the program doesn't exit until EOF is found", 
        "name": "test_eof_end", 
        "log": "Trying to compile your code...\nSuccessfully compiled your code..\nSuccess :)"
      }, 
      {
        "ptsPossible": 1.0, 
        "ptsEarned": 1.0, 
        "description": "Test that your queue works properly by checking order of outputs", 
        "name": "test_queue_by_output", 
        "log": "Trying to compile your code...\nSuccessfully compiled your code..\nSuccess :)"
      }, 
      {
        "ptsPossible": 1.0, 
        "ptsEarned": 1.0, 
        "description": "Test the order of output of imbalanced loads", 
        "name": "test_imbalanced_load", 
        "log": "Trying to compile your code...\nSuccessfully compiled your code..\nSuccess :)"
      }, 
      {
        "ptsPossible": 1.0, 
        "ptsEarned": 1.0, 
        "description": "Test a single password", 
        "name": "test_memory_easy", 
        "log": "Trying to compile your code...\nSuccessfully compiled your code..\nSuccess :)"
      }, 
      {
        "ptsPossible": 1.0, 
        "ptsEarned": 1.0, 
        "description": "Test a couple of passwords", 
        "name": "test_memory_medium", 
        "log": "Trying to compile your code...\nSuccessfully compiled your code..\nSuccess :)"
      }, 
      {
        "ptsPossible": 1.0, 
        "ptsEarned": 1.0, 
        "description": "Test a lot of password", 
        "name": "test_memory_hard", 
        "log": "Trying to compile your code...\nSuccessfully compiled your code..\nSuccess :)"
      }, 
      {
        "ptsPossible": 1.0, 
        "ptsEarned": 1.0, 
        "description": "Test correct password and crypt_r() count", 
        "name": "test_crypt_r_count", 
        "log": "Trying to compile your code...\nSuccessfully compiled your code..\nSuccess :)"
      }
    ], 
    "revision": "(Pull Time: 2016-03-15 | Revision # 50920)", 
    "checksum": "b271ee07d2ee4f942df91b2d2ddbf3fa791e5891  cracker1.c"
  }, 
  {
    "timestamp": "2016-03-14 21:27:33.928216", 
    "testcases": [
      {
        "description": "Test that crypt was not used", 
        "ptsEarned": 1.0, 
        "log": "Trying to compile your code...\nSuccessfully compiled your code..\nSuccess :)", 
        "name": "test_no_crypt", 
        "ptsPossible": 1.0
      }, 
      {
        "description": "Test a single valid password", 
        "ptsEarned": 1.0, 
        "log": "Trying to compile your code...\nSuccessfully compiled your code..\nSuccess :)", 
        "name": "test_one_valid_password", 
        "ptsPossible": 1.0
      }, 
      {
        "description": "Test a single invalid password", 
        "ptsEarned": 1.0, 
        "log": "Trying to compile your code...\nSuccessfully compiled your code..\nSuccess :)", 
        "name": "test_one_invalid_password", 
        "ptsPossible": 1.0
      }, 
      {
        "description": "Test that two threads run at same time", 
        "ptsEarned": 1.0, 
        "log": "Trying to compile your code...\nSuccessfully compiled your code..\nSuccess :)", 
        "name": "test_two_threads", 
        "ptsPossible": 1.0
      }, 
      {
        "description": "Test that four threads run at same time, cracking 4 passwords", 
        "ptsEarned": 1.0, 
        "log": "Trying to compile your code...\nSuccessfully compiled your code..\nSuccess :)", 
        "name": "test_four_threads", 
        "ptsPossible": 1.0
      }, 
      {
        "description": "Test that 4 threads run at same time cracking 12 passwords", 
        "ptsEarned": 1.0, 
        "log": "Trying to compile your code...\nSuccessfully compiled your code..\nSuccess :)", 
        "name": "test_12_threads", 
        "ptsPossible": 1.0
      }, 
      {
        "description": "Test that the program doesn't busy wait", 
        "ptsEarned": 1.0, 
        "log": "Trying to compile your code...\nSuccessfully compiled your code..\nSuccess :)", 
        "name": "test_no_busy_wait_threads", 
        "ptsPossible": 1.0
      }, 
      {
        "description": "Test that the program doesn't exit until EOF is found", 
        "ptsEarned": 1.0, 
        "log": "Trying to compile your code...\nSuccessfully compiled your code..\nSuccess :)", 
        "name": "test_eof_end", 
        "ptsPossible": 1.0
      }, 
      {
        "description": "Test that your queue works properly by checking order of outputs", 
        "ptsEarned": 1.0, 
        "log": "Trying to compile your code...\nSuccessfully compiled your code..\nSuccess :)", 
        "name": "test_queue_by_output", 
        "ptsPossible": 1.0
      }, 
      {
        "description": "Test the order of output of imbalanced loads", 
        "ptsEarned": 1.0, 
        "log": "Trying to compile your code...\nSuccessfully compiled your code..\nSuccess :)", 
        "name": "test_imbalanced_load", 
        "ptsPossible": 1.0
      }, 
      {
        "description": "Test a single password", 
        "ptsEarned": 1.0, 
        "log": "Trying to compile your code...\nSuccessfully compiled your code..\nSuccess :)", 
        "name": "test_memory_easy", 
        "ptsPossible": 1.0
      }, 
      {
        "description": "Test a couple of passwords", 
        "ptsEarned": 1.0, 
        "log": "Trying to compile your code...\nSuccessfully compiled your code..\nSuccess :)", 
        "name": "test_memory_medium", 
        "ptsPossible": 1.0
      }, 
      {
        "description": "Test a lot of password", 
        "ptsEarned": 1.0, 
        "log": "Trying to compile your code...\nSuccessfully compiled your code..\nSuccess :)", 
        "name": "test_memory_hard", 
        "ptsPossible": 1.0
      }, 
      {
        "description": "Test correct password and crypt_r() count", 
        "ptsEarned": 1.0, 
        "log": "Trying to compile your code...\nSuccessfully compiled your code..\nSuccess :)", 
        "name": "test_crypt_r_count", 
        "ptsPossible": 1.0
      }
    ], 
    "checksum": "b271ee07d2ee4f942df91b2d2ddbf3fa791e5891  cracker1.c", 
    "revision": "(Pull Time: 2016-03-15 | Revision # 51479)"
  }, 
  {
    "timestamp": "2016-03-15 02:12:19.876138", 
    "testcases": [
      {
        "log": "Trying to compile your code...\nSuccessfully compiled your code..\nSuccess :)", 
        "ptsEarned": 1.0, 
        "ptsPossible": 1.0, 
        "name": "test_no_crypt", 
        "description": "Test that crypt was not used"
      }, 
      {
        "log": "Trying to compile your code...\nSuccessfully compiled your code..\nSuccess :)", 
        "ptsEarned": 1.0, 
        "ptsPossible": 1.0, 
        "name": "test_one_valid_password", 
        "description": "Test a single valid password"
      }, 
      {
        "log": "Trying to compile your code...\nSuccessfully compiled your code..\nSuccess :)", 
        "ptsEarned": 1.0, 
        "ptsPossible": 1.0, 
        "name": "test_one_invalid_password", 
        "description": "Test a single invalid password"
      }, 
      {
        "log": "Trying to compile your code...\nSuccessfully compiled your code..\nSuccess :)", 
        "ptsEarned": 1.0, 
        "ptsPossible": 1.0, 
        "name": "test_two_threads", 
        "description": "Test that two threads run at same time"
      }, 
      {
        "log": "Trying to compile your code...\nSuccessfully compiled your code..\nSuccess :)", 
        "ptsEarned": 1.0, 
        "ptsPossible": 1.0, 
        "name": "test_four_threads", 
        "description": "Test that four threads run at same time, cracking 4 passwords"
      }, 
      {
        "log": "Trying to compile your code...\nSuccessfully compiled your code..\nSuccess :)", 
        "ptsEarned": 1.0, 
        "ptsPossible": 1.0, 
        "name": "test_12_threads", 
        "description": "Test that 4 threads run at same time cracking 12 passwords"
      }, 
      {
        "log": "Trying to compile your code...\nSuccessfully compiled your code..\nSuccess :)", 
        "ptsEarned": 1.0, 
        "ptsPossible": 1.0, 
        "name": "test_no_busy_wait_threads", 
        "description": "Test that the program doesn't busy wait"
      }, 
      {
        "log": "Trying to compile your code...\nSuccessfully compiled your code..\nSuccess :)", 
        "ptsEarned": 1.0, 
        "ptsPossible": 1.0, 
        "name": "test_eof_end", 
        "description": "Test that the program doesn't exit until EOF is found"
      }, 
      {
        "log": "Trying to compile your code...\nSuccessfully compiled your code..\nSuccess :)", 
        "ptsEarned": 1.0, 
        "ptsPossible": 1.0, 
        "name": "test_queue_by_output", 
        "description": "Test that your queue works properly by checking order of outputs"
      }, 
      {
        "log": "Trying to compile your code...\nSuccessfully compiled your code..\nSuccess :)", 
        "ptsEarned": 1.0, 
        "ptsPossible": 1.0, 
        "name": "test_imbalanced_load", 
        "description": "Test the order of output of imbalanced loads"
      }, 
      {
        "log": "Trying to compile your code...\nSuccessfully compiled your code..\nSuccess :)", 
        "ptsEarned": 1.0, 
        "ptsPossible": 1.0, 
        "name": "test_memory_easy", 
        "description": "Test a single password"
      }, 
      {
        "log": "Trying to compile your code...\nSuccessfully compiled your code..\nSuccess :)", 
        "ptsEarned": 1.0, 
        "ptsPossible": 1.0, 
        "name": "test_memory_medium", 
        "description": "Test a couple of passwords"
      }, 
      {
        "log": "Trying to compile your code...\nSuccessfully compiled your code..\nSuccess :)", 
        "ptsEarned": 1.0, 
        "ptsPossible": 1.0, 
        "name": "test_memory_hard", 
        "description": "Test a lot of password"
      }, 
      {
        "log": "Trying to compile your code...\nSuccessfully compiled your code..\nSuccess :)", 
        "ptsEarned": 1.0, 
        "ptsPossible": 1.0, 
        "name": "test_crypt_r_count", 
        "description": "Test correct password and crypt_r() count"
      }
    ], 
    "revision": "(Pull Time: 2016-03-15 | Revision # 52462)", 
    "checksum": "b271ee07d2ee4f942df91b2d2ddbf3fa791e5891  cracker1.c"
  }, 
  {
    "timestamp": "2016-03-16 04:14:02.800538", 
    "testcases": [
      {
        "ptsPossible": 1.0, 
        "ptsEarned": 0.0, 
        "description": "Test a single valid password", 
        "name": "test_one_valid_password", 
        "log": "Trying to compile your code...\nSuccessfully compiled your code..\nFailed to find correct password in stdout"
      }, 
      {
        "ptsPossible": 1.0, 
        "ptsEarned": 0.0, 
        "description": "Test a single invalid password", 
        "name": "test_one_invalid_password", 
        "log": "Trying to compile your code...\nSuccessfully compiled your code..\nFailed to find output for not found password"
      }, 
      {
        "ptsPossible": 5.0, 
        "ptsEarned": 0.0, 
        "description": "Test that 2 threads run at same time, cracking 1 password", 
        "name": "test_two_threads", 
        "log": "Trying to compile your code...\nSuccessfully compiled your code..\nTook to long to execute, are you threading?\nCould not find pthread_calls output\nCould not find correct password in output\nYour threads do not print out the correct number of iterations\nYour threads do not start at correct iteration"
      }, 
      {
        "ptsPossible": 5.0, 
        "ptsEarned": 0.0, 
        "description": "Test that 4 threads run at same time, cracking 1 password", 
        "name": "test_four_threads", 
        "log": "Trying to compile your code...\nSuccessfully compiled your code..\nTook to long to execute, are you threading?\nCould not find pthread_calls output\nCould not find correct password in output\nYour threads do not print out the correct number of iterations\nYour threads do not start at correct iteration"
      }, 
      {
        "ptsPossible": 5.0, 
        "ptsEarned": 0.0, 
        "description": "Test that 13 threads run at same time, cracking 1 password", 
        "name": "test_13_threads", 
        "log": "Trying to compile your code...\nSuccessfully compiled your code..\nTook to long to execute, are you threading?\nCould not find pthread_calls output\nCould not find correct password in output\nYour threads do not print out the correct number of iterations\nYour threads do not start at correct iteration"
      }, 
      {
        "ptsPossible": 1.0, 
        "ptsEarned": 0.0, 
        "description": "Test that same threads were used for second password", 
        "name": "test_use_same_threads", 
        "log": "Trying to compile your code...\nSuccessfully compiled your code..\nCould not find pthread_calls output"
      }, 
      {
        "ptsPossible": 1.0, 
        "ptsEarned": 0.0, 
        "description": "Test that the program doesn't exit until EOF is found", 
        "name": "test_eof_end", 
        "log": "Trying to compile your code...\nSuccessfully compiled your code..\nFailed to find total_time output"
      }, 
      {
        "ptsPossible": 1.0, 
        "ptsEarned": 0.0, 
        "description": "Test to check that no fix-sized buffer or recursion is used.", 
        "name": "test_sanity", 
        "log": "Trying to compile your code...\nSuccessfully compiled your code..\nDid not find correct outputs"
      }, 
      {
        "ptsPossible": 1.0, 
        "ptsEarned": 1.0, 
        "description": "Test tsan doesnt throw warnings", 
        "name": "test_tsan", 
        "log": "Trying to compile your code...\nSuccessfully compiled your code..\nSuccess :)"
      }, 
      {
        "ptsPossible": 1.0, 
        "ptsEarned": 0.0, 
        "description": "Test that program stops when 1 thread finds password", 
        "name": "test_early_exit", 
        "log": "Trying to compile your code...\nSuccessfully compiled your code..\nDid not find correct outputs"
      }, 
      {
        "ptsPossible": 1.0, 
        "ptsEarned": 1.0, 
        "description": "Test a single password with memory checks", 
        "name": "test_memory_easy", 
        "log": "Trying to compile your code...\nSuccessfully compiled your code..\nSuccess :)"
      }
    ], 
    "checksum": "071b390f9984c0a6df6d13c5be00e3f529c6bfe5  cracker2.c", 
    "revision": "(Pull Time: 2016-03-22 | Revision # 53462)"
  }, 
  {
    "timestamp": "2016-03-17 04:15:44.909443", 
    "testcases": [
      {
        "description": "Test a single valid password", 
        "ptsEarned": 0.0, 
        "log": "Trying to compile your code...\nSuccessfully compiled your code..\nFailed to find correct password in stdout", 
        "name": "test_one_valid_password", 
        "ptsPossible": 1.0
      }, 
      {
        "description": "Test a single invalid password", 
        "ptsEarned": 0.0, 
        "log": "Trying to compile your code...\nSuccessfully compiled your code..\nFailed to find output for not found password", 
        "name": "test_one_invalid_password", 
        "ptsPossible": 1.0
      }, 
      {
        "description": "Test that 2 threads run at same time, cracking 1 password", 
        "ptsEarned": 0.0, 
        "log": "Trying to compile your code...\nSuccessfully compiled your code..\nTook to long to execute, are you threading?\nCould not find pthread_calls output\nCould not find correct password in output\nYour threads do not print out the correct number of iterations\nYour threads do not start at correct iteration", 
        "name": "test_two_threads", 
        "ptsPossible": 5.0
      }, 
      {
        "description": "Test that 4 threads run at same time, cracking 1 password", 
        "ptsEarned": 0.0, 
        "log": "Trying to compile your code...\nSuccessfully compiled your code..\nTook to long to execute, are you threading?\nCould not find pthread_calls output\nCould not find correct password in output\nYour threads do not print out the correct number of iterations\nYour threads do not start at correct iteration", 
        "name": "test_four_threads", 
        "ptsPossible": 5.0
      }, 
      {
        "description": "Test that 13 threads run at same time, cracking 1 password", 
        "ptsEarned": 0.0, 
        "log": "Trying to compile your code...\nSuccessfully compiled your code..\nTook to long to execute, are you threading?\nCould not find pthread_calls output\nCould not find correct password in output\nYour threads do not print out the correct number of iterations\nYour threads do not start at correct iteration", 
        "name": "test_13_threads", 
        "ptsPossible": 5.0
      }, 
      {
        "description": "Test that same threads were used for second password", 
        "ptsEarned": 0.0, 
        "log": "Trying to compile your code...\nSuccessfully compiled your code..\nCould not find pthread_calls output", 
        "name": "test_use_same_threads", 
        "ptsPossible": 1.0
      }, 
      {
        "description": "Test that the program doesn't exit until EOF is found", 
        "ptsEarned": 0.0, 
        "log": "Trying to compile your code...\nSuccessfully compiled your code..\nFailed to find total_time output", 
        "name": "test_eof_end", 
        "ptsPossible": 1.0
      }, 
      {
        "description": "Test to check that no fix-sized buffer or recursion is used.", 
        "ptsEarned": 0.0, 
        "log": "Trying to compile your code...\nSuccessfully compiled your code..\nDid not find correct outputs", 
        "name": "test_sanity", 
        "ptsPossible": 1.0
      }, 
      {
        "description": "Test tsan doesnt throw warnings", 
        "ptsEarned": 1.0, 
        "log": "Trying to compile your code...\nSuccessfully compiled your code..\nSuccess :)", 
        "name": "test_tsan", 
        "ptsPossible": 1.0
      }, 
      {
        "description": "Test that program stops when 1 thread finds password", 
        "ptsEarned": 0.0, 
        "log": "Trying to compile your code...\nSuccessfully compiled your code..\nDid not find correct outputs", 
        "name": "test_early_exit", 
        "ptsPossible": 1.0
      }, 
      {
        "description": "Test a single password with memory checks", 
        "ptsEarned": 1.0, 
        "log": "Trying to compile your code...\nSuccessfully compiled your code..\nSuccess :)", 
        "name": "test_memory_easy", 
        "ptsPossible": 1.0
      }
    ], 
    "revision": "(Pull Time: 2016-03-22 | Revision # 55235)", 
    "checksum": "071b390f9984c0a6df6d13c5be00e3f529c6bfe5  cracker2.c"
  }, 
  {
    "timestamp": "2016-03-18 04:16:38.908455", 
    "testcases": [
      {
        "log": "Trying to compile your code...\nSuccessfully compiled your code..\nFailed to find correct password in stdout", 
        "ptsEarned": 0.0, 
        "ptsPossible": 1.0, 
        "name": "test_one_valid_password", 
        "description": "Test a single valid password"
      }, 
      {
        "log": "Trying to compile your code...\nSuccessfully compiled your code..\nFailed to find output for not found password", 
        "ptsEarned": 0.0, 
        "ptsPossible": 1.0, 
        "name": "test_one_invalid_password", 
        "description": "Test a single invalid password"
      }, 
      {
        "log": "Trying to compile your code...\nSuccessfully compiled your code..\nTook to long to execute, are you threading?\nCould not find pthread_calls output\nCould not find correct password in output\nYour threads do not print out the correct number of iterations\nYour threads do not start at correct iteration", 
        "ptsEarned": 0.0, 
        "ptsPossible": 5.0, 
        "name": "test_two_threads", 
        "description": "Test that 2 threads run at same time, cracking 1 password"
      }, 
      {
        "log": "Trying to compile your code...\nSuccessfully compiled your code..\nTook to long to execute, are you threading?\nCould not find pthread_calls output\nCould not find correct password in output\nYour threads do not print out the correct number of iterations\nYour threads do not start at correct iteration", 
        "ptsEarned": 0.0, 
        "ptsPossible": 5.0, 
        "name": "test_four_threads", 
        "description": "Test that 4 threads run at same time, cracking 1 password"
      }, 
      {
        "log": "Trying to compile your code...\nSuccessfully compiled your code..\nTook to long to execute, are you threading?\nCould not find pthread_calls output\nCould not find correct password in output\nYour threads do not print out the correct number of iterations\nYour threads do not start at correct iteration", 
        "ptsEarned": 0.0, 
        "ptsPossible": 5.0, 
        "name": "test_13_threads", 
        "description": "Test that 13 threads run at same time, cracking 1 password"
      }, 
      {
        "log": "Trying to compile your code...\nSuccessfully compiled your code..\nCould not find pthread_calls output", 
        "ptsEarned": 0.0, 
        "ptsPossible": 1.0, 
        "name": "test_use_same_threads", 
        "description": "Test that same threads were used for second password"
      }, 
      {
        "log": "Trying to compile your code...\nSuccessfully compiled your code..\nFailed to find total_time output", 
        "ptsEarned": 0.0, 
        "ptsPossible": 1.0, 
        "name": "test_eof_end", 
        "description": "Test that the program doesn't exit until EOF is found"
      }, 
      {
        "log": "Trying to compile your code...\nSuccessfully compiled your code..\nDid not find correct outputs", 
        "ptsEarned": 0.0, 
        "ptsPossible": 1.0, 
        "name": "test_sanity", 
        "description": "Test to check that no fix-sized buffer or recursion is used."
      }, 
      {
        "log": "Trying to compile your code...\nSuccessfully compiled your code..\nSuccess :)", 
        "ptsEarned": 1.0, 
        "ptsPossible": 1.0, 
        "name": "test_tsan", 
        "description": "Test tsan doesnt throw warnings"
      }, 
      {
        "log": "Trying to compile your code...\nSuccessfully compiled your code..\nDid not find correct outputs", 
        "ptsEarned": 0.0, 
        "ptsPossible": 1.0, 
        "name": "test_early_exit", 
        "description": "Test that program stops when 1 thread finds password"
      }, 
      {
        "log": "Trying to compile your code...\nSuccessfully compiled your code..\nSuccess :)", 
        "ptsEarned": 1.0, 
        "ptsPossible": 1.0, 
        "name": "test_memory_easy", 
        "description": "Test a single password with memory checks"
      }
    ], 
    "checksum": "071b390f9984c0a6df6d13c5be00e3f529c6bfe5  cracker2.c", 
    "revision": "(Pull Time: 2016-03-22 | Revision # 55450)"
  }, 
  {
    "timestamp": "2016-03-28 04:00:00.220617", 
    "testcases": [
      {
        "ptsPossible": 1.0, 
        "ptsEarned": 0.0, 
        "description": "Test a single valid password", 
        "name": "test_one_valid_password", 
        "log": "Trying to compile your code...\nSuccessfully compiled your code..\nFailed to find correct password in stdout"
      }, 
      {
        "ptsPossible": 1.0, 
        "ptsEarned": 0.0, 
        "description": "Test a single invalid password", 
        "name": "test_one_invalid_password", 
        "log": "Trying to compile your code...\nSuccessfully compiled your code..\nFailed to find output for not found password"
      }, 
      {
        "ptsPossible": 5.0, 
        "ptsEarned": 0.0, 
        "description": "Test that 2 threads run at same time, cracking 1 password", 
        "name": "test_two_threads", 
        "log": "Trying to compile your code...\nSuccessfully compiled your code..\nTook to long to execute, are you threading?\nCould not find pthread_calls output\nCould not find correct password in output\nYour threads do not print out the correct number of iterations\nYour threads do not start at correct iteration"
      }, 
      {
        "ptsPossible": 5.0, 
        "ptsEarned": 0.0, 
        "description": "Test that 4 threads run at same time, cracking 1 password", 
        "name": "test_four_threads", 
        "log": "Trying to compile your code...\nSuccessfully compiled your code..\nTook to long to execute, are you threading?\nCould not find pthread_calls output\nCould not find correct password in output\nYour threads do not print out the correct number of iterations\nYour threads do not start at correct iteration"
      }, 
      {
        "ptsPossible": 5.0, 
        "ptsEarned": 0.0, 
        "description": "Test that 13 threads run at same time, cracking 1 password", 
        "name": "test_13_threads", 
        "log": "Trying to compile your code...\nSuccessfully compiled your code..\nTook to long to execute, are you threading?\nCould not find pthread_calls output\nCould not find correct password in output\nYour threads do not print out the correct number of iterations\nYour threads do not start at correct iteration"
      }, 
      {
        "ptsPossible": 1.0, 
        "ptsEarned": 0.0, 
        "description": "Test that same threads were used for second password", 
        "name": "test_use_same_threads", 
        "log": "Trying to compile your code...\nSuccessfully compiled your code..\nCould not find pthread_calls output"
      }, 
      {
        "ptsPossible": 1.0, 
        "ptsEarned": 0.0, 
        "description": "Test that the program doesn't exit until EOF is found", 
        "name": "test_eof_end", 
        "log": "Trying to compile your code...\nSuccessfully compiled your code..\nFailed to find total_time output"
      }, 
      {
        "ptsPossible": 1.0, 
        "ptsEarned": 0.0, 
        "description": "Test to check that no fix-sized buffer or recursion is used.", 
        "name": "test_sanity", 
        "log": "Trying to compile your code...\nSuccessfully compiled your code..\nDid not find correct outputs"
      }, 
      {
        "ptsPossible": 1.0, 
        "ptsEarned": 1.0, 
        "description": "Test tsan doesnt throw warnings", 
        "name": "test_tsan", 
        "log": "Trying to compile your code...\nSuccessfully compiled your code..\nSuccess :)"
      }, 
      {
        "ptsPossible": 1.0, 
        "ptsEarned": 0.0, 
        "description": "Test that program stops when 1 thread finds password", 
        "name": "test_early_exit", 
        "log": "Trying to compile your code...\nSuccessfully compiled your code..\nDid not find correct outputs"
      }, 
      {
        "ptsPossible": 1.0, 
        "ptsEarned": 1.0, 
        "description": "Test a single password with memory checks", 
        "name": "test_memory_easy", 
        "log": "Trying to compile your code...\nSuccessfully compiled your code..\nSuccess :)"
      }
    ], 
    "revision": "55775", 
    "checksum": "071b390f9984c0a6df6d13c5be00e3f529c6bfe5  cracker2.c"
  }, 
  {
    "timestamp": "2016-03-28 10:31:48.061209", 
    "testcases": [
      {
        "description": "Test a single valid password", 
        "ptsEarned": 0.0, 
        "log": "Trying to compile your code...\nFAILED TO COMPILE!\ncracker2.c: In function \u2018helpme\u2019:\ncracker2.c:53:22: error: \u2018threadstart\u2019 may be used uninitialized in this function [-Werror=maybe-uninitialized]\n         *threadstart = 10.0;\n                      ^\ncracker2.c:55:19: error: \u2018numtries\u2019 may be used uninitialized in this function [-Werror=maybe-uninitialized]\n         *numtries = 10.0;\n                   ^\ncc1: all warnings being treated as errors\nmake: *** [.objs/cracker2-release.o] Error 1\n", 
        "name": "test_one_valid_password", 
        "ptsPossible": 1.0
      }, 
      {
        "description": "Test a single invalid password", 
        "ptsEarned": 0.0, 
        "log": "Trying to compile your code...\nFAILED TO COMPILE!\ncracker2.c: In function \u2018helpme\u2019:\ncracker2.c:53:22: error: \u2018threadstart\u2019 may be used uninitialized in this function [-Werror=maybe-uninitialized]\n         *threadstart = 10.0;\n                      ^\ncracker2.c:55:19: error: \u2018numtries\u2019 may be used uninitialized in this function [-Werror=maybe-uninitialized]\n         *numtries = 10.0;\n                   ^\ncc1: all warnings being treated as errors\nmake: *** [.objs/cracker2-release.o] Error 1\n", 
        "name": "test_one_invalid_password", 
        "ptsPossible": 1.0
      }, 
      {
        "description": "Test that 2 threads run at same time, cracking 1 password", 
        "ptsEarned": 0.0, 
        "log": "Trying to compile your code...\nFAILED TO COMPILE!\ncracker2.c: In function \u2018helpme\u2019:\ncracker2.c:53:22: error: \u2018threadstart\u2019 may be used uninitialized in this function [-Werror=maybe-uninitialized]\n         *threadstart = 10.0;\n                      ^\ncracker2.c:55:19: error: \u2018numtries\u2019 may be used uninitialized in this function [-Werror=maybe-uninitialized]\n         *numtries = 10.0;\n                   ^\ncc1: all warnings being treated as errors\nmake: *** [.objs/cracker2-release.o] Error 1\n", 
        "name": "test_two_threads", 
        "ptsPossible": 5.0
      }, 
      {
        "description": "Test that 4 threads run at same time, cracking 1 password", 
        "ptsEarned": 0.0, 
        "log": "Trying to compile your code...\nFAILED TO COMPILE!\ncracker2.c: In function \u2018helpme\u2019:\ncracker2.c:53:22: error: \u2018threadstart\u2019 may be used uninitialized in this function [-Werror=maybe-uninitialized]\n         *threadstart = 10.0;\n                      ^\ncracker2.c:55:19: error: \u2018numtries\u2019 may be used uninitialized in this function [-Werror=maybe-uninitialized]\n         *numtries = 10.0;\n                   ^\ncc1: all warnings being treated as errors\nmake: *** [.objs/cracker2-release.o] Error 1\n", 
        "name": "test_four_threads", 
        "ptsPossible": 5.0
      }, 
      {
        "description": "Test that 13 threads run at same time, cracking 1 password", 
        "ptsEarned": 0.0, 
        "log": "Trying to compile your code...\nFAILED TO COMPILE!\ncracker2.c: In function \u2018helpme\u2019:\ncracker2.c:53:22: error: \u2018threadstart\u2019 may be used uninitialized in this function [-Werror=maybe-uninitialized]\n         *threadstart = 10.0;\n                      ^\ncracker2.c:55:19: error: \u2018numtries\u2019 may be used uninitialized in this function [-Werror=maybe-uninitialized]\n         *numtries = 10.0;\n                   ^\ncc1: all warnings being treated as errors\nmake: *** [.objs/cracker2-release.o] Error 1\n", 
        "name": "test_13_threads", 
        "ptsPossible": 5.0
      }, 
      {
        "description": "Test that same threads were used for second password", 
        "ptsEarned": 0.0, 
        "log": "Trying to compile your code...\nFAILED TO COMPILE!\ncracker2.c: In function \u2018helpme\u2019:\ncracker2.c:53:22: error: \u2018threadstart\u2019 may be used uninitialized in this function [-Werror=maybe-uninitialized]\n         *threadstart = 10.0;\n                      ^\ncracker2.c:55:19: error: \u2018numtries\u2019 may be used uninitialized in this function [-Werror=maybe-uninitialized]\n         *numtries = 10.0;\n                   ^\ncc1: all warnings being treated as errors\nmake: *** [.objs/cracker2-release.o] Error 1\n", 
        "name": "test_use_same_threads", 
        "ptsPossible": 1.0
      }, 
      {
        "description": "Test that the program doesn't exit until EOF is found", 
        "ptsEarned": 0.0, 
        "log": "Trying to compile your code...\nFAILED TO COMPILE!\ncracker2.c: In function \u2018helpme\u2019:\ncracker2.c:53:22: error: \u2018threadstart\u2019 may be used uninitialized in this function [-Werror=maybe-uninitialized]\n         *threadstart = 10.0;\n                      ^\ncracker2.c:55:19: error: \u2018numtries\u2019 may be used uninitialized in this function [-Werror=maybe-uninitialized]\n         *numtries = 10.0;\n                   ^\ncc1: all warnings being treated as errors\nmake: *** [.objs/cracker2-release.o] Error 1\n", 
        "name": "test_eof_end", 
        "ptsPossible": 1.0
      }, 
      {
        "description": "Test to check that no fix-sized buffer or recursion is used.", 
        "ptsEarned": 0.0, 
        "log": "Trying to compile your code...\nFAILED TO COMPILE!\ncracker2.c: In function \u2018helpme\u2019:\ncracker2.c:53:22: error: \u2018threadstart\u2019 may be used uninitialized in this function [-Werror=maybe-uninitialized]\n         *threadstart = 10.0;\n                      ^\ncracker2.c:55:19: error: \u2018numtries\u2019 may be used uninitialized in this function [-Werror=maybe-uninitialized]\n         *numtries = 10.0;\n                   ^\ncc1: all warnings being treated as errors\nmake: *** [.objs/cracker2-release.o] Error 1\n", 
        "name": "test_sanity", 
        "ptsPossible": 1.0
      }, 
      {
        "description": "Test tsan doesnt throw warnings", 
        "ptsEarned": 0.0, 
        "log": "Trying to compile your code...\nFAILED TO COMPILE!\ncracker2.c: In function \u2018helpme\u2019:\ncracker2.c:53:22: error: \u2018threadstart\u2019 may be used uninitialized in this function [-Werror=maybe-uninitialized]\n         *threadstart = 10.0;\n                      ^\ncracker2.c:55:19: error: \u2018numtries\u2019 may be used uninitialized in this function [-Werror=maybe-uninitialized]\n         *numtries = 10.0;\n                   ^\ncc1: all warnings being treated as errors\nmake: *** [.objs/cracker2-tsan.o] Error 1\n", 
        "name": "test_tsan", 
        "ptsPossible": 1.0
      }, 
      {
        "description": "Test that program stops when 1 thread finds password", 
        "ptsEarned": 0.0, 
        "log": "Trying to compile your code...\nFAILED TO COMPILE!\ncracker2.c: In function \u2018helpme\u2019:\ncracker2.c:53:22: error: \u2018threadstart\u2019 may be used uninitialized in this function [-Werror=maybe-uninitialized]\n         *threadstart = 10.0;\n                      ^\ncracker2.c:55:19: error: \u2018numtries\u2019 may be used uninitialized in this function [-Werror=maybe-uninitialized]\n         *numtries = 10.0;\n                   ^\ncc1: all warnings being treated as errors\nmake: *** [.objs/cracker2-release.o] Error 1\n", 
        "name": "test_early_exit", 
        "ptsPossible": 1.0
      }, 
      {
        "description": "Test a single password with memory checks", 
        "ptsEarned": 0.0, 
        "log": "Trying to compile your code...\nFAILED TO COMPILE!\ncracker2.c: In function \u2018helpme\u2019:\ncracker2.c:53:22: error: \u2018threadstart\u2019 may be used uninitialized in this function [-Werror=maybe-uninitialized]\n         *threadstart = 10.0;\n                      ^\ncracker2.c:55:19: error: \u2018numtries\u2019 may be used uninitialized in this function [-Werror=maybe-uninitialized]\n         *numtries = 10.0;\n                   ^\ncc1: all warnings being treated as errors\nmake: *** [.objs/cracker2-release.o] Error 1\n", 
        "name": "test_memory_easy", 
        "ptsPossible": 1.0
      }
    ], 
    "checksum": "8db02da9aa20da10a0549c2f18d80824ee8e7f4e  cracker2.c", 
    "revision": "56979"
  }, 
  {
    "timestamp": "2016-03-29 04:00:00.131744", 
    "testcases": [
      {
        "log": "Trying to compile your code...\nSuccessfully compiled your code..\nFailed to find correct password in stdout", 
        "ptsEarned": 0.0, 
        "ptsPossible": 1.0, 
        "name": "test_one_valid_password", 
        "description": "Test a single valid password"
      }, 
      {
        "log": "Trying to compile your code...\nSuccessfully compiled your code..\nFailed to find output for not found password", 
        "ptsEarned": 0.0, 
        "ptsPossible": 1.0, 
        "name": "test_one_invalid_password", 
        "description": "Test a single invalid password"
      }, 
      {
        "log": "Trying to compile your code...\nSuccessfully compiled your code..\nCould not find cpu usage output\nCould not find pthread_calls output\nCould not find correct password in output\nYour threads do not print out the correct number of iterations\nYour threads do not start at correct iteration", 
        "ptsEarned": 0.0, 
        "ptsPossible": 5.0, 
        "name": "test_two_threads", 
        "description": "Test that 2 threads run at same time, cracking 1 password"
      }, 
      {
        "log": "Trying to compile your code...\nSuccessfully compiled your code..\nCould not find cpu usage output\nCould not find pthread_calls output\nCould not find correct password in output\nYour threads do not print out the correct number of iterations\nYour threads do not start at correct iteration", 
        "ptsEarned": 0.0, 
        "ptsPossible": 5.0, 
        "name": "test_four_threads", 
        "description": "Test that 4 threads run at same time, cracking 1 password"
      }, 
      {
        "log": "Trying to compile your code...\nSuccessfully compiled your code..\nCould not find cpu usage output\nCould not find pthread_calls output\nCould not find correct password in output\nYour threads do not print out the correct number of iterations\nYour threads do not start at correct iteration", 
        "ptsEarned": 0.0, 
        "ptsPossible": 5.0, 
        "name": "test_13_threads", 
        "description": "Test that 13 threads run at same time, cracking 1 password"
      }, 
      {
        "log": "Trying to compile your code...\nSuccessfully compiled your code..\nCould not find pthread_calls output", 
        "ptsEarned": 0.0, 
        "ptsPossible": 1.0, 
        "name": "test_use_same_threads", 
        "description": "Test that same threads were used for second password"
      }, 
      {
        "log": "Trying to compile your code...\nSuccessfully compiled your code..\nFailed to find total_time output", 
        "ptsEarned": 0.0, 
        "ptsPossible": 1.0, 
        "name": "test_eof_end", 
        "description": "Test that the program doesn't exit until EOF is found"
      }, 
      {
        "log": "Trying to compile your code...\nSuccessfully compiled your code..\nDid not find correct outputs", 
        "ptsEarned": 0.0, 
        "ptsPossible": 1.0, 
        "name": "test_sanity", 
        "description": "Test to check that no fix-sized buffer or recursion is used."
      }, 
      {
        "log": "Trying to compile your code...\nSuccessfully compiled your code..\nTimeout :(", 
        "ptsEarned": 0.0, 
        "ptsPossible": 1.0, 
        "name": "test_tsan", 
        "description": "Test tsan doesnt throw warnings"
      }, 
      {
        "log": "Trying to compile your code...\nSuccessfully compiled your code..\nDid not find correct outputs", 
        "ptsEarned": 0.0, 
        "ptsPossible": 1.0, 
        "name": "test_early_exit", 
        "description": "Test that program stops when 1 thread finds password"
      }, 
      {
        "log": "Trying to compile your code...\nSuccessfully compiled your code..\nExecution Failed", 
        "ptsEarned": 0.0, 
        "ptsPossible": 1.0, 
        "name": "test_memory_easy", 
        "description": "Test a single password with memory checks"
      }
    ], 
    "revision": "58079", 
    "checksum": "28db6b584db26d307f63818167efe7b226b99a9e  cracker2.c"
  }, 
  {
    "timestamp": "2016-03-30 04:00:00.262339", 
    "testcases": [
      {
        "ptsPossible": 1.0, 
        "ptsEarned": 1.0, 
        "description": "Test a single valid password", 
        "name": "test_one_valid_password", 
        "log": "Trying to compile your code...\nSuccessfully compiled your code..\nSuccess :)"
      }, 
      {
        "ptsPossible": 1.0, 
        "ptsEarned": 1.0, 
        "description": "Test a single invalid password", 
        "name": "test_one_invalid_password", 
        "log": "Trying to compile your code...\nSuccessfully compiled your code..\nSuccess :)"
      }, 
      {
        "ptsPossible": 5.0, 
        "ptsEarned": 5.0, 
        "description": "Test that 2 threads run at same time, cracking 1 password", 
        "name": "test_two_threads", 
        "log": "Trying to compile your code...\nSuccessfully compiled your code.."
      }, 
      {
        "ptsPossible": 5.0, 
        "ptsEarned": 5.0, 
        "description": "Test that 4 threads run at same time, cracking 1 password", 
        "name": "test_four_threads", 
        "log": "Trying to compile your code...\nSuccessfully compiled your code.."
      }, 
      {
        "ptsPossible": 5.0, 
        "ptsEarned": 5.0, 
        "description": "Test that 13 threads run at same time, cracking 1 password", 
        "name": "test_13_threads", 
        "log": "Trying to compile your code...\nSuccessfully compiled your code.."
      }, 
      {
        "ptsPossible": 1.0, 
        "ptsEarned": 1.0, 
        "description": "Test that same threads were used for second password", 
        "name": "test_use_same_threads", 
        "log": "Trying to compile your code...\nSuccessfully compiled your code.."
      }, 
      {
        "ptsPossible": 1.0, 
        "ptsEarned": 1.0, 
        "description": "Test that the program doesn't exit until EOF is found", 
        "name": "test_eof_end", 
        "log": "Trying to compile your code...\nSuccessfully compiled your code..\nSuccess :)"
      }, 
      {
        "ptsPossible": 1.0, 
        "ptsEarned": 0.0, 
        "description": "Test many many passwords.", 
        "name": "test_sanity", 
        "log": "Trying to compile your code...\nSuccessfully compiled your code..\nDid not find correct outputs"
      }, 
      {
        "ptsPossible": 1.0, 
        "ptsEarned": 0.0, 
        "description": "Test tsan doesnt throw warnings", 
        "name": "test_tsan", 
        "log": "Trying to compile your code...\nSuccessfully compiled your code..\nFound tsan warnings"
      }, 
      {
        "ptsPossible": 1.0, 
        "ptsEarned": 1.0, 
        "description": "Test that program stops when 1 thread finds password", 
        "name": "test_early_exit", 
        "log": "Trying to compile your code...\nSuccessfully compiled your code..\nSuccess :)"
      }, 
      {
        "ptsPossible": 1.0, 
        "ptsEarned": 1.0, 
        "description": "Test a single password with memory checks", 
        "name": "test_memory_easy", 
        "log": "Trying to compile your code...\nSuccessfully compiled your code..\nSuccess :)"
      }
    ], 
    "checksum": "b10960038279511eff8e96a2fdbe26f3759d4fd7  cracker2.c", 
    "revision": "58755"
  }, 
  {
    "timestamp": "2016-03-31 00:01:01.352681", 
    "testcases": [
      {
        "description": "Test a single valid password", 
        "ptsEarned": 1.0, 
        "log": "Trying to compile your code...\nSuccessfully compiled your code..\nSuccess :)", 
        "name": "test_one_valid_password", 
        "ptsPossible": 1.0
      }, 
      {
        "description": "Test a single invalid password", 
        "ptsEarned": 1.0, 
        "log": "Trying to compile your code...\nSuccessfully compiled your code..\nSuccess :)", 
        "name": "test_one_invalid_password", 
        "ptsPossible": 1.0
      }, 
      {
        "description": "Test that 2 threads run at same time, cracking 1 password", 
        "ptsEarned": 5.0, 
        "log": "Trying to compile your code...\nSuccessfully compiled your code..", 
        "name": "test_two_threads", 
        "ptsPossible": 5.0
      }, 
      {
        "description": "Test that 4 threads run at same time, cracking 1 password", 
        "ptsEarned": 5.0, 
        "log": "Trying to compile your code...\nSuccessfully compiled your code..", 
        "name": "test_four_threads", 
        "ptsPossible": 5.0
      }, 
      {
        "description": "Test that 13 threads run at same time, cracking 1 password", 
        "ptsEarned": 5.0, 
        "log": "Trying to compile your code...\nSuccessfully compiled your code..", 
        "name": "test_13_threads", 
        "ptsPossible": 5.0
      }, 
      {
        "description": "Test that same threads were used for second password", 
        "ptsEarned": 1.0, 
        "log": "Trying to compile your code...\nSuccessfully compiled your code..", 
        "name": "test_use_same_threads", 
        "ptsPossible": 1.0
      }, 
      {
        "description": "Test that the program doesn't exit until EOF is found", 
        "ptsEarned": 1.0, 
        "log": "Trying to compile your code...\nSuccessfully compiled your code..\nSuccess :)", 
        "name": "test_eof_end", 
        "ptsPossible": 1.0
      }, 
      {
        "description": "Test many many passwords.", 
        "ptsEarned": 0.0, 
        "log": "Trying to compile your code...\nSuccessfully compiled your code..\nDid not find correct outputs", 
        "name": "test_sanity", 
        "ptsPossible": 1.0
      }, 
      {
        "description": "Test tsan doesnt throw warnings", 
        "ptsEarned": 1.0, 
        "log": "Trying to compile your code...\nSuccessfully compiled your code..\nSuccess :)", 
        "name": "test_tsan", 
        "ptsPossible": 1.0
      }, 
      {
        "description": "Test that program stops when 1 thread finds password", 
        "ptsEarned": 1.0, 
        "log": "Trying to compile your code...\nSuccessfully compiled your code..\nSuccess :)", 
        "name": "test_early_exit", 
        "ptsPossible": 1.0
      }, 
      {
        "description": "Test a single password with memory checks", 
        "ptsEarned": 1.0, 
        "log": "Trying to compile your code...\nSuccessfully compiled your code..\nSuccess :)", 
        "name": "test_memory_easy", 
        "ptsPossible": 1.0
      }
    ], 
    "revision": "59887", 
    "checksum": "2239736bac4b83392ea55c83bf3a04fc901a6185  cracker2.c"
  }, 
  {
    "timestamp": "2016-03-31 16:23:40.184422", 
    "testcases": [
      {
        "log": "Trying to compile your code...\nSuccessfully compiled your code..\nSuccess :)", 
        "ptsPossible": 1.0, 
        "ptsEarned": 1.0, 
        "name": "test_one_valid_password", 
        "description": "Test a single valid password"
      }, 
      {
        "log": "Trying to compile your code...\nSuccessfully compiled your code..\nSuccess :)", 
        "ptsPossible": 1.0, 
        "ptsEarned": 1.0, 
        "name": "test_one_invalid_password", 
        "description": "Test a single invalid password"
      }, 
      {
        "log": "Trying to compile your code...\nSuccessfully compiled your code..", 
        "ptsPossible": 5.0, 
        "ptsEarned": 5.0, 
        "name": "test_two_threads", 
        "description": "Test that 2 threads run at same time, cracking 1 password"
      }, 
      {
        "log": "Trying to compile your code...\nSuccessfully compiled your code..", 
        "ptsPossible": 5.0, 
        "ptsEarned": 5.0, 
        "name": "test_four_threads", 
        "description": "Test that 4 threads run at same time, cracking 1 password"
      }, 
      {
        "log": "Trying to compile your code...\nSuccessfully compiled your code..", 
        "ptsPossible": 5.0, 
        "ptsEarned": 5.0, 
        "name": "test_13_threads", 
        "description": "Test that 13 threads run at same time, cracking 1 password"
      }, 
      {
        "log": "Trying to compile your code...\nSuccessfully compiled your code..", 
        "ptsPossible": 1.0, 
        "ptsEarned": 1.0, 
        "name": "test_use_same_threads", 
        "description": "Test that same threads were used for second password"
      }, 
      {
        "log": "Trying to compile your code...\nSuccessfully compiled your code..\nSuccess :)", 
        "ptsPossible": 1.0, 
        "ptsEarned": 1.0, 
        "name": "test_eof_end", 
        "description": "Test that the program doesn't exit until EOF is found"
      }, 
      {
        "log": "Trying to compile your code...\nSuccessfully compiled your code..\nDid not find correct outputs", 
        "ptsPossible": 1.0, 
        "ptsEarned": 0.0, 
        "name": "test_sanity", 
        "description": "Test many many passwords."
      }, 
      {
        "log": "Trying to compile your code...\nSuccessfully compiled your code..\nSuccess :)", 
        "ptsPossible": 1.0, 
        "ptsEarned": 1.0, 
        "name": "test_tsan", 
        "description": "Test tsan doesnt throw warnings"
      }, 
      {
        "log": "Trying to compile your code...\nSuccessfully compiled your code..\nSuccess :)", 
        "ptsPossible": 1.0, 
        "ptsEarned": 1.0, 
        "name": "test_early_exit", 
        "description": "Test that program stops when 1 thread finds password"
      }, 
      {
        "log": "Trying to compile your code...\nSuccessfully compiled your code..\nSuccess :)", 
        "ptsPossible": 1.0, 
        "ptsEarned": 1.0, 
        "name": "test_memory_easy", 
        "description": "Test a single password with memory checks"
      }
    ], 
    "checksum": "2239736bac4b83392ea55c83bf3a04fc901a6185  cracker2.c", 
    "revision": "59887"
  }
]